2021-11-12 14:58:26.334  INFO 6868 --- [restartedMain] c.b.e.EmployeePayrollApplication         : Starting EmployeePayrollApplication using Java 15.0.2 on SHUBHAM-SUNIL-BANDAGALE with PID 6868 (F:\Spring_Learning\Day4_Spring_Employee_Payroll_Service\target\classes started by ADMIN in F:\Spring_Learning\Day4_Spring_Employee_Payroll_Service)
2021-11-12 14:58:26.337 DEBUG 6868 --- [restartedMain] c.b.e.EmployeePayrollApplication         : Running with Spring Boot v2.5.6, Spring v5.3.12
2021-11-12 14:58:26.338  INFO 6868 --- [restartedMain] c.b.e.EmployeePayrollApplication         : No active profile set, falling back to default profiles: default
2021-11-12 14:58:28.794  WARN 6868 --- [restartedMain] com.zaxxer.hikari.util.DriverDataSource  : Registered driver with driverClassName=com.mysql.jdbc.Driver was not found, trying direct instantiation.
2021-11-12 14:58:30.030  WARN 6868 --- [restartedMain] JpaBaseConfiguration$JpaWebConfiguration : spring.jpa.open-in-view is enabled by default. Therefore, database queries may be performed during view rendering. Explicitly configure spring.jpa.open-in-view to disable this warning
2021-11-12 14:58:30.567  INFO 6868 --- [restartedMain] c.b.e.EmployeePayrollApplication         : Started EmployeePayrollApplication in 5.107 seconds (JVM running for 6.764)
2021-11-12 14:58:30.571  INFO 6868 --- [restartedMain] c.b.e.EmployeePayrollApplication         : EMPLOYEE PAYROLL APP STARTED !!! 
2021-11-12 15:10:06.181  INFO 10612 --- [restartedMain] c.b.e.EmployeePayrollApplication         : Starting EmployeePayrollApplication using Java 15.0.2 on SHUBHAM-SUNIL-BANDAGALE with PID 10612 (F:\Spring_Learning\Day4_Spring_Employee_Payroll_Service\target\classes started by ADMIN in F:\Spring_Learning\Day4_Spring_Employee_Payroll_Service)
2021-11-12 15:10:06.185 DEBUG 10612 --- [restartedMain] c.b.e.EmployeePayrollApplication         : Running with Spring Boot v2.5.6, Spring v5.3.12
2021-11-12 15:10:06.185  INFO 10612 --- [restartedMain] c.b.e.EmployeePayrollApplication         : No active profile set, falling back to default profiles: default
2021-11-12 15:10:07.857  WARN 10612 --- [restartedMain] com.zaxxer.hikari.util.DriverDataSource  : Registered driver with driverClassName=com.mysql.jdbc.Driver was not found, trying direct instantiation.
2021-11-12 15:10:08.856  WARN 10612 --- [restartedMain] JpaBaseConfiguration$JpaWebConfiguration : spring.jpa.open-in-view is enabled by default. Therefore, database queries may be performed during view rendering. Explicitly configure spring.jpa.open-in-view to disable this warning
2021-11-12 15:10:09.186  INFO 10612 --- [restartedMain] c.b.e.EmployeePayrollApplication         : Started EmployeePayrollApplication in 3.597 seconds (JVM running for 4.75)
2021-11-12 15:10:09.189  INFO 10612 --- [restartedMain] c.b.e.EmployeePayrollApplication         : EMPLOYEE PAYROLL STARTED !!!
2021-11-12 15:39:59.002  INFO 11744 --- [restartedMain] c.b.e.EmployeePayrollApplication         : Starting EmployeePayrollApplication using Java 15.0.2 on SHUBHAM-SUNIL-BANDAGALE with PID 11744 (F:\Spring_Learning\Day4_Spring_Employee_Payroll_Service\target\classes started by ADMIN in F:\Spring_Learning\Day4_Spring_Employee_Payroll_Service)
2021-11-12 15:39:59.004 DEBUG 11744 --- [restartedMain] c.b.e.EmployeePayrollApplication         : Running with Spring Boot v2.5.6, Spring v5.3.12
2021-11-12 15:39:59.005  INFO 11744 --- [restartedMain] c.b.e.EmployeePayrollApplication         : The following profiles are active: dev
2021-11-12 15:40:00.534  WARN 11744 --- [restartedMain] com.zaxxer.hikari.util.DriverDataSource  : Registered driver with driverClassName=com.mysql.jdbc.Driver was not found, trying direct instantiation.
2021-11-12 15:40:01.472  WARN 11744 --- [restartedMain] JpaBaseConfiguration$JpaWebConfiguration : spring.jpa.open-in-view is enabled by default. Therefore, database queries may be performed during view rendering. Explicitly configure spring.jpa.open-in-view to disable this warning
2021-11-12 15:40:01.824  INFO 11744 --- [restartedMain] c.b.e.EmployeePayrollApplication         : Started EmployeePayrollApplication in 3.437 seconds (JVM running for 4.581)
2021-11-12 15:40:01.828  INFO 11744 --- [restartedMain] c.b.e.EmployeePayrollApplication         : EMPLOYEE PAYROLL STARTED !!! in DEVENVIRONMENT
2021-11-12 15:40:43.821  INFO 5736 --- [restartedMain] c.b.e.EmployeePayrollApplication         : Starting EmployeePayrollApplication using Java 15.0.2 on SHUBHAM-SUNIL-BANDAGALE with PID 5736 (F:\Spring_Learning\Day4_Spring_Employee_Payroll_Service\target\classes started by ADMIN in F:\Spring_Learning\Day4_Spring_Employee_Payroll_Service)
2021-11-12 15:40:43.824 DEBUG 5736 --- [restartedMain] c.b.e.EmployeePayrollApplication         : Running with Spring Boot v2.5.6, Spring v5.3.12
2021-11-12 15:40:43.824  INFO 5736 --- [restartedMain] c.b.e.EmployeePayrollApplication         : The following profiles are active: dev
2021-11-12 15:40:45.994  WARN 5736 --- [restartedMain] com.zaxxer.hikari.util.DriverDataSource  : Registered driver with driverClassName=com.mysql.jdbc.Driver was not found, trying direct instantiation.
2021-11-12 15:40:47.273  WARN 5736 --- [restartedMain] JpaBaseConfiguration$JpaWebConfiguration : spring.jpa.open-in-view is enabled by default. Therefore, database queries may be performed during view rendering. Explicitly configure spring.jpa.open-in-view to disable this warning
2021-11-12 15:40:47.768  INFO 5736 --- [restartedMain] c.b.e.EmployeePayrollApplication         : Started EmployeePayrollApplication in 4.847 seconds (JVM running for 6.016)
2021-11-12 15:40:47.773  INFO 5736 --- [restartedMain] c.b.e.EmployeePayrollApplication         : EMPLOYEE PAYROLL STARTED !!! in DEV ENVIRONMENT
2021-11-12 15:53:34.932  INFO 9316 --- [restartedMain] c.b.e.EmployeePayrollApplication         : Starting EmployeePayrollApplication using Java 15.0.2 on SHUBHAM-SUNIL-BANDAGALE with PID 9316 (F:\Spring_Learning\Day4_Spring_Employee_Payroll_Service\target\classes started by ADMIN in F:\Spring_Learning\Day4_Spring_Employee_Payroll_Service)
2021-11-12 15:53:34.935 DEBUG 9316 --- [restartedMain] c.b.e.EmployeePayrollApplication         : Running with Spring Boot v2.5.6, Spring v5.3.12
2021-11-12 15:53:34.936  INFO 9316 --- [restartedMain] c.b.e.EmployeePayrollApplication         : The following profiles are active: dev
2021-11-12 15:53:37.428  WARN 9316 --- [restartedMain] JpaBaseConfiguration$JpaWebConfiguration : spring.jpa.open-in-view is enabled by default. Therefore, database queries may be performed during view rendering. Explicitly configure spring.jpa.open-in-view to disable this warning
2021-11-12 15:53:37.773  INFO 9316 --- [restartedMain] c.b.e.EmployeePayrollApplication         : Started EmployeePayrollApplication in 3.443 seconds (JVM running for 4.54)
2021-11-12 15:53:37.777  INFO 9316 --- [restartedMain] c.b.e.EmployeePayrollApplication         : EMPLOYEE PAYROLL STARTED !!! in DEV ENVIRONMENT
2021-11-12 16:21:30.001  INFO 8372 --- [restartedMain] c.b.e.EmployeePayrollApplication         : Starting EmployeePayrollApplication using Java 15.0.2 on SHUBHAM-SUNIL-BANDAGALE with PID 8372 (F:\Spring_Learning\Day4_Spring_Employee_Payroll_Service\target\classes started by ADMIN in F:\Spring_Learning\Day4_Spring_Employee_Payroll_Service)
2021-11-12 16:21:30.007 DEBUG 8372 --- [restartedMain] c.b.e.EmployeePayrollApplication         : Running with Spring Boot v2.5.6, Spring v5.3.12
2021-11-12 16:21:30.008  INFO 8372 --- [restartedMain] c.b.e.EmployeePayrollApplication         : The following profiles are active: dev
2021-11-12 16:21:33.884  WARN 8372 --- [restartedMain] JpaBaseConfiguration$JpaWebConfiguration : spring.jpa.open-in-view is enabled by default. Therefore, database queries may be performed during view rendering. Explicitly configure spring.jpa.open-in-view to disable this warning
2021-11-12 16:21:34.370  INFO 8372 --- [restartedMain] c.b.e.EmployeePayrollApplication         : Started EmployeePayrollApplication in 5.301 seconds (JVM running for 6.608)
2021-11-12 16:21:34.375  INFO 8372 --- [restartedMain] c.b.e.EmployeePayrollApplication         : EMPLOYEE PAYROLL STARTED !!! in DEV ENVIRONMENT
2021-11-12 16:21:34.377  INFO 8372 --- [restartedMain] c.b.e.EmployeePayrollApplication         : EMPLOYEE_PAYROLL_DATABASE USER IS payrolluser 
2021-11-12 20:12:47.462  INFO 5412 --- [restartedMain] c.b.e.EmployeePayrollApplication         : Starting EmployeePayrollApplication using Java 15.0.2 on SHUBHAM-SUNIL-BANDAGALE with PID 5412 (F:\Spring_Learning\Day4_Spring_Employee_Payroll_Service\target\classes started by ADMIN in F:\Spring_Learning\Day4_Spring_Employee_Payroll_Service)
2021-11-12 20:12:47.464 DEBUG 5412 --- [restartedMain] c.b.e.EmployeePayrollApplication         : Running with Spring Boot v2.5.6, Spring v5.3.12
2021-11-12 20:12:47.466  INFO 5412 --- [restartedMain] c.b.e.EmployeePayrollApplication         : The following profiles are active: dev
2021-11-12 20:12:50.114  WARN 5412 --- [restartedMain] JpaBaseConfiguration$JpaWebConfiguration : spring.jpa.open-in-view is enabled by default. Therefore, database queries may be performed during view rendering. Explicitly configure spring.jpa.open-in-view to disable this warning
2021-11-12 20:12:50.523  INFO 5412 --- [restartedMain] c.b.e.EmployeePayrollApplication         : Started EmployeePayrollApplication in 3.905 seconds (JVM running for 5.113)
2021-11-12 20:12:50.527  INFO 5412 --- [restartedMain] c.b.e.EmployeePayrollApplication         : EMPLOYEE PAYROLL STARTED !!! in DEV ENVIRONMENT
2021-11-12 20:12:50.528  INFO 5412 --- [restartedMain] c.b.e.EmployeePayrollApplication         : EMPLOYEE_PAYROLL_DATABASE USER IS payrolluser 
2021-11-12 20:13:37.609  WARN 5412 --- [http-nio-8080-exec-2] .w.s.m.s.DefaultHandlerExceptionResolver : Resolved [org.springframework.web.bind.MethodArgumentNotValidException: Validation failed for argument [0] in public org.springframework.http.ResponseEntity<com.bridgelabz.employeepayrollapp.dto.ResponseDto> com.bridgelabz.employeepayrollapp.controller.EmployeePayrollController.createEmployeePayrollData(com.bridgelabz.employeepayrollapp.dto.EmployeePayrollDto): [Field error in object 'employeePayrollDto' on field 'empName': rejected value [Hasna]; codes [Pattern.employeePayrollDto.empName,Pattern.empName,Pattern.java.lang.String,Pattern]; arguments [org.springframework.context.support.DefaultMessageSourceResolvable: codes [employeePayrollDto.empName,empName]; arguments []; default message [empName],[Ljavax.validation.constraints.Pattern$Flag;@24ab8474,^[A-Z]{1}[a-zA-Z\s]]{2,}$]; default message [INVALID EMPLOYEE NAME !!!]] ]
2021-11-12 20:15:00.446  INFO 6892 --- [restartedMain] c.b.e.EmployeePayrollApplication         : Starting EmployeePayrollApplication using Java 15.0.2 on SHUBHAM-SUNIL-BANDAGALE with PID 6892 (F:\Spring_Learning\Day4_Spring_Employee_Payroll_Service\target\classes started by ADMIN in F:\Spring_Learning\Day4_Spring_Employee_Payroll_Service)
2021-11-12 20:15:00.574 DEBUG 6892 --- [restartedMain] c.b.e.EmployeePayrollApplication         : Running with Spring Boot v2.5.6, Spring v5.3.12
2021-11-12 20:15:00.574  INFO 6892 --- [restartedMain] c.b.e.EmployeePayrollApplication         : The following profiles are active: dev
2021-11-12 20:15:03.701  WARN 6892 --- [restartedMain] JpaBaseConfiguration$JpaWebConfiguration : spring.jpa.open-in-view is enabled by default. Therefore, database queries may be performed during view rendering. Explicitly configure spring.jpa.open-in-view to disable this warning
2021-11-12 20:15:04.120  INFO 6892 --- [restartedMain] c.b.e.EmployeePayrollApplication         : Started EmployeePayrollApplication in 4.671 seconds (JVM running for 6.229)
2021-11-12 20:15:04.124  INFO 6892 --- [restartedMain] c.b.e.EmployeePayrollApplication         : EMPLOYEE PAYROLL STARTED !!! in DEV ENVIRONMENT
2021-11-12 20:15:04.125  INFO 6892 --- [restartedMain] c.b.e.EmployeePayrollApplication         : EMPLOYEE_PAYROLL_DATABASE USER IS payrolluser 
2021-11-12 20:15:40.109  WARN 6892 --- [http-nio-8080-exec-3] .w.s.m.s.DefaultHandlerExceptionResolver : Resolved [org.springframework.web.bind.MethodArgumentNotValidException: Validation failed for argument [0] in public org.springframework.http.ResponseEntity<com.bridgelabz.employeepayrollapp.dto.ResponseDto> com.bridgelabz.employeepayrollapp.controller.EmployeePayrollController.createEmployeePayrollData(com.bridgelabz.employeepayrollapp.dto.EmployeePayrollDto): [Field error in object 'employeePayrollDto' on field 'empName': rejected value [aa]; codes [Pattern.employeePayrollDto.empName,Pattern.empName,Pattern.java.lang.String,Pattern]; arguments [org.springframework.context.support.DefaultMessageSourceResolvable: codes [employeePayrollDto.empName,empName]; arguments []; default message [empName],[Ljavax.validation.constraints.Pattern$Flag;@6faca036,^[A-Z]{1}[a-zA-Z\s]{2,}$]; default message [INVALID EMPLOYEE NAME !!!]] ]
2021-11-12 20:18:49.578  INFO 5708 --- [restartedMain] c.b.e.EmployeePayrollApplication         : Starting EmployeePayrollApplication using Java 15.0.2 on SHUBHAM-SUNIL-BANDAGALE with PID 5708 (F:\Spring_Learning\Day4_Spring_Employee_Payroll_Service\target\classes started by ADMIN in F:\Spring_Learning\Day4_Spring_Employee_Payroll_Service)
2021-11-12 20:18:49.580 DEBUG 5708 --- [restartedMain] c.b.e.EmployeePayrollApplication         : Running with Spring Boot v2.5.6, Spring v5.3.12
2021-11-12 20:18:49.580  INFO 5708 --- [restartedMain] c.b.e.EmployeePayrollApplication         : The following profiles are active: dev
2021-11-12 20:18:53.624  WARN 5708 --- [restartedMain] JpaBaseConfiguration$JpaWebConfiguration : spring.jpa.open-in-view is enabled by default. Therefore, database queries may be performed during view rendering. Explicitly configure spring.jpa.open-in-view to disable this warning
2021-11-12 20:18:54.148  INFO 5708 --- [restartedMain] c.b.e.EmployeePayrollApplication         : Started EmployeePayrollApplication in 5.329 seconds (JVM running for 7.395)
2021-11-12 20:18:54.152  INFO 5708 --- [restartedMain] c.b.e.EmployeePayrollApplication         : EMPLOYEE PAYROLL STARTED !!! in DEV ENVIRONMENT
2021-11-12 20:18:54.153  INFO 5708 --- [restartedMain] c.b.e.EmployeePayrollApplication         : EMPLOYEE_PAYROLL_DATABASE USER IS payrolluser 
2021-11-12 20:19:15.457  WARN 5708 --- [http-nio-8080-exec-2] .w.s.m.s.DefaultHandlerExceptionResolver : Resolved [org.springframework.web.bind.MethodArgumentNotValidException: Validation failed for argument [0] in public org.springframework.http.ResponseEntity<com.bridgelabz.employeepayrollapp.dto.ResponseDto> com.bridgelabz.employeepayrollapp.controller.EmployeePayrollController.createEmployeePayrollData(com.bridgelabz.employeepayrollapp.dto.EmployeePayrollDto): [Field error in object 'employeePayrollDto' on field 'salary': rejected value [300]; codes [Min.employeePayrollDto.salary,Min.salary,Min.long,Min]; arguments [org.springframework.context.support.DefaultMessageSourceResolvable: codes [employeePayrollDto.salary,salary]; arguments []; default message [salary],500]; default message [MINIMUM WAGE SHOULD BE MORE THAN 500]] ]
2021-11-12 20:19:25.337  WARN 5708 --- [http-nio-8080-exec-5] .w.s.m.s.DefaultHandlerExceptionResolver : Resolved [org.springframework.web.bind.MethodArgumentNotValidException: Validation failed for argument [0] in public org.springframework.http.ResponseEntity<com.bridgelabz.employeepayrollapp.dto.ResponseDto> com.bridgelabz.employeepayrollapp.controller.EmployeePayrollController.createEmployeePayrollData(com.bridgelabz.employeepayrollapp.dto.EmployeePayrollDto): [Field error in object 'employeePayrollDto' on field 'empName': rejected value [hivali]; codes [Pattern.employeePayrollDto.empName,Pattern.empName,Pattern.java.lang.String,Pattern]; arguments [org.springframework.context.support.DefaultMessageSourceResolvable: codes [employeePayrollDto.empName,empName]; arguments []; default message [empName],[Ljavax.validation.constraints.Pattern$Flag;@1f608112,^[A-Z]{1}[a-zA-Z\s]{2,}$]; default message [INVALID EMPLOYEE NAME !!!]] ]
2021-11-12 20:20:42.401  WARN 5708 --- [http-nio-8080-exec-9] .w.s.m.s.DefaultHandlerExceptionResolver : Resolved [org.springframework.web.bind.MissingPathVariableException: Required URI template variable 'empId' for method parameter type int is not present]
2021-11-12 20:21:26.349  WARN 5708 --- [http-nio-8080-exec-3] .w.s.m.s.DefaultHandlerExceptionResolver : Resolved [org.springframework.web.HttpRequestMethodNotSupportedException: Request method 'GET' not supported]
2021-11-12 20:21:54.183  WARN 5708 --- [http-nio-8080-exec-5] .w.s.m.s.DefaultHandlerExceptionResolver : Resolved [org.springframework.web.HttpRequestMethodNotSupportedException: Request method 'GET' not supported]
2021-11-12 20:22:07.197  WARN 5708 --- [http-nio-8080-exec-7] .w.s.m.s.DefaultHandlerExceptionResolver : Resolved [org.springframework.web.bind.MissingPathVariableException: Required URI template variable 'empId' for method parameter type int is not present]
2021-11-12 20:22:27.077  WARN 5708 --- [http-nio-8080-exec-8] .w.s.m.s.DefaultHandlerExceptionResolver : Resolved [org.springframework.web.bind.MissingPathVariableException: Required URI template variable 'empId' for method parameter type int is not present]
2021-11-12 20:22:59.103  WARN 5708 --- [http-nio-8080-exec-9] .w.s.m.s.DefaultHandlerExceptionResolver : Resolved [org.springframework.web.bind.MissingPathVariableException: Required URI template variable 'empId' for method parameter type int is not present]
2021-11-12 20:23:34.032  WARN 5708 --- [http-nio-8080-exec-2] .w.s.m.s.DefaultHandlerExceptionResolver : Resolved [org.springframework.web.bind.MissingPathVariableException: Required URI template variable 'empId' for method parameter type int is not present]
2021-11-12 20:24:09.020  WARN 5708 --- [http-nio-8080-exec-3] .w.s.m.s.DefaultHandlerExceptionResolver : Resolved [org.springframework.web.bind.MissingPathVariableException: Required URI template variable 'empId' for method parameter type int is not present]
2021-11-12 20:24:14.704  WARN 5708 --- [http-nio-8080-exec-7] .w.s.m.s.DefaultHandlerExceptionResolver : Resolved [org.springframework.web.bind.MissingPathVariableException: Required URI template variable 'empId' for method parameter type int is not present]
2021-11-12 20:24:18.210  WARN 5708 --- [http-nio-8080-exec-6] .w.s.m.s.DefaultHandlerExceptionResolver : Resolved [org.springframework.web.bind.MissingPathVariableException: Required URI template variable 'empId' for method parameter type int is not present]
2021-11-12 20:24:57.682  WARN 5708 --- [http-nio-8080-exec-4] .w.s.m.s.DefaultHandlerExceptionResolver : Resolved [org.springframework.web.bind.MissingPathVariableException: Required URI template variable 'empId' for method parameter type int is not present]
2021-11-12 20:28:49.997  WARN 5708 --- [http-nio-8080-exec-10] .w.s.m.s.DefaultHandlerExceptionResolver : Resolved [org.springframework.web.bind.MissingPathVariableException: Required URI template variable 'empId' for method parameter type int is not present]
2021-11-12 20:30:07.577  WARN 5708 --- [http-nio-8080-exec-9] .w.s.m.s.DefaultHandlerExceptionResolver : Resolved [org.springframework.web.bind.MissingPathVariableException: Required URI template variable 'empId' for method parameter type int is not present]
2021-11-12 20:30:42.304  WARN 5708 --- [http-nio-8080-exec-4] .w.s.m.s.DefaultHandlerExceptionResolver : Resolved [org.springframework.web.bind.MissingPathVariableException: Required URI template variable 'empId' for method parameter type int is not present]
2021-11-12 20:31:32.313  WARN 5708 --- [http-nio-8080-exec-7] .w.s.m.s.DefaultHandlerExceptionResolver : Resolved [org.springframework.web.HttpRequestMethodNotSupportedException: Request method 'GET' not supported]
2021-11-12 20:32:08.669  WARN 5708 --- [http-nio-8080-exec-4] .w.s.m.s.DefaultHandlerExceptionResolver : Resolved [org.springframework.web.HttpRequestMethodNotSupportedException: Request method 'GET' not supported]
2021-11-12 20:37:12.962  WARN 5708 --- [http-nio-8080-exec-4] .w.s.m.s.DefaultHandlerExceptionResolver : Resolved [org.springframework.web.bind.MissingPathVariableException: Required URI template variable 'empId' for method parameter type int is not present]
2021-11-12 20:37:37.699  WARN 5708 --- [http-nio-8080-exec-3] .w.s.m.s.DefaultHandlerExceptionResolver : Resolved [org.springframework.web.bind.MissingPathVariableException: Required URI template variable 'empId' for method parameter type int is not present]
2021-11-12 20:41:53.312  WARN 5708 --- [http-nio-8080-exec-1] .w.s.m.s.DefaultHandlerExceptionResolver : Resolved [org.springframework.web.bind.MissingPathVariableException: Required URI template variable 'empId' for method parameter type int is not present]
2021-11-12 20:42:01.476  WARN 5708 --- [http-nio-8080-exec-2] .w.s.m.s.DefaultHandlerExceptionResolver : Resolved [org.springframework.web.bind.MissingPathVariableException: Required URI template variable 'empId' for method parameter type int is not present]
2021-11-12 20:43:15.090  INFO 12880 --- [restartedMain] c.b.e.EmployeePayrollApplication         : Starting EmployeePayrollApplication using Java 15.0.2 on SHUBHAM-SUNIL-BANDAGALE with PID 12880 (F:\Spring_Learning\Day4_Spring_Employee_Payroll_Service\target\classes started by ADMIN in F:\Spring_Learning\Day4_Spring_Employee_Payroll_Service)
2021-11-12 20:43:15.093 DEBUG 12880 --- [restartedMain] c.b.e.EmployeePayrollApplication         : Running with Spring Boot v2.5.6, Spring v5.3.12
2021-11-12 20:43:15.094  INFO 12880 --- [restartedMain] c.b.e.EmployeePayrollApplication         : The following profiles are active: dev
2021-11-12 20:43:17.637  WARN 12880 --- [restartedMain] JpaBaseConfiguration$JpaWebConfiguration : spring.jpa.open-in-view is enabled by default. Therefore, database queries may be performed during view rendering. Explicitly configure spring.jpa.open-in-view to disable this warning
2021-11-12 20:43:18.034  INFO 12880 --- [restartedMain] c.b.e.EmployeePayrollApplication         : Started EmployeePayrollApplication in 3.596 seconds (JVM running for 4.662)
2021-11-12 20:43:18.038  INFO 12880 --- [restartedMain] c.b.e.EmployeePayrollApplication         : EMPLOYEE PAYROLL STARTED !!! in DEV ENVIRONMENT
2021-11-12 20:43:18.039  INFO 12880 --- [restartedMain] c.b.e.EmployeePayrollApplication         : EMPLOYEE_PAYROLL_DATABASE USER IS payrolluser 
2021-11-12 20:43:34.081  INFO 12892 --- [restartedMain] c.b.e.EmployeePayrollApplication         : Starting EmployeePayrollApplication using Java 15.0.2 on SHUBHAM-SUNIL-BANDAGALE with PID 12892 (F:\Spring_Learning\Day4_Spring_Employee_Payroll_Service\target\classes started by ADMIN in F:\Spring_Learning\Day4_Spring_Employee_Payroll_Service)
2021-11-12 20:43:34.084 DEBUG 12892 --- [restartedMain] c.b.e.EmployeePayrollApplication         : Running with Spring Boot v2.5.6, Spring v5.3.12
2021-11-12 20:43:34.084  INFO 12892 --- [restartedMain] c.b.e.EmployeePayrollApplication         : The following profiles are active: dev
2021-11-12 20:43:36.558  WARN 12892 --- [restartedMain] JpaBaseConfiguration$JpaWebConfiguration : spring.jpa.open-in-view is enabled by default. Therefore, database queries may be performed during view rendering. Explicitly configure spring.jpa.open-in-view to disable this warning
2021-11-12 20:43:36.955  INFO 12892 --- [restartedMain] c.b.e.EmployeePayrollApplication         : Started EmployeePayrollApplication in 3.561 seconds (JVM running for 4.623)
2021-11-12 20:43:36.958  INFO 12892 --- [restartedMain] c.b.e.EmployeePayrollApplication         : EMPLOYEE PAYROLL STARTED !!! in DEV ENVIRONMENT
2021-11-12 20:43:36.959  INFO 12892 --- [restartedMain] c.b.e.EmployeePayrollApplication         : EMPLOYEE_PAYROLL_DATABASE USER IS payrolluser 
2021-11-12 20:43:48.048 ERROR 12892 --- [http-nio-8080-exec-2] o.a.c.c.C.[.[.[/].[dispatcherServlet]    : Servlet.service() for servlet [dispatcherServlet] in context with path [] threw exception [Request processing failed; nested exception is java.lang.IndexOutOfBoundsException: Index 0 out of bounds for length 0] with root cause

java.lang.IndexOutOfBoundsException: Index 0 out of bounds for length 0
	at java.base/jdk.internal.util.Preconditions.outOfBounds(Preconditions.java:64) ~[na:na]
	at java.base/jdk.internal.util.Preconditions.outOfBoundsCheckIndex(Preconditions.java:70) ~[na:na]
	at java.base/jdk.internal.util.Preconditions.checkIndex(Preconditions.java:248) ~[na:na]
	at java.base/java.util.Objects.checkIndex(Objects.java:359) ~[na:na]
	at java.base/java.util.ArrayList.get(ArrayList.java:427) ~[na:na]
	at com.bridgelabz.employeepayrollapp.service.EmployeePayrollService.getEmployeePayrollDataById(EmployeePayrollService.java:21) ~[classes/:na]
	at com.bridgelabz.employeepayrollapp.service.EmployeePayrollService.updateEmployeePayrollData(EmployeePayrollService.java:33) ~[classes/:na]
	at com.bridgelabz.employeepayrollapp.controller.EmployeePayrollController.updateEmployeePayrollData(EmployeePayrollController.java:57) ~[classes/:na]
	at java.base/jdk.internal.reflect.NativeMethodAccessorImpl.invoke0(Native Method) ~[na:na]
	at java.base/jdk.internal.reflect.NativeMethodAccessorImpl.invoke(NativeMethodAccessorImpl.java:64) ~[na:na]
	at java.base/jdk.internal.reflect.DelegatingMethodAccessorImpl.invoke(DelegatingMethodAccessorImpl.java:43) ~[na:na]
	at java.base/java.lang.reflect.Method.invoke(Method.java:564) ~[na:na]
	at org.springframework.web.method.support.InvocableHandlerMethod.doInvoke(InvocableHandlerMethod.java:205) ~[spring-web-5.3.12.jar:5.3.12]
	at org.springframework.web.method.support.InvocableHandlerMethod.invokeForRequest(InvocableHandlerMethod.java:150) ~[spring-web-5.3.12.jar:5.3.12]
	at org.springframework.web.servlet.mvc.method.annotation.ServletInvocableHandlerMethod.invokeAndHandle(ServletInvocableHandlerMethod.java:117) ~[spring-webmvc-5.3.12.jar:5.3.12]
	at org.springframework.web.servlet.mvc.method.annotation.RequestMappingHandlerAdapter.invokeHandlerMethod(RequestMappingHandlerAdapter.java:895) ~[spring-webmvc-5.3.12.jar:5.3.12]
	at org.springframework.web.servlet.mvc.method.annotation.RequestMappingHandlerAdapter.handleInternal(RequestMappingHandlerAdapter.java:808) ~[spring-webmvc-5.3.12.jar:5.3.12]
	at org.springframework.web.servlet.mvc.method.AbstractHandlerMethodAdapter.handle(AbstractHandlerMethodAdapter.java:87) ~[spring-webmvc-5.3.12.jar:5.3.12]
	at org.springframework.web.servlet.DispatcherServlet.doDispatch(DispatcherServlet.java:1067) ~[spring-webmvc-5.3.12.jar:5.3.12]
	at org.springframework.web.servlet.DispatcherServlet.doService(DispatcherServlet.java:963) ~[spring-webmvc-5.3.12.jar:5.3.12]
	at org.springframework.web.servlet.FrameworkServlet.processRequest(FrameworkServlet.java:1006) ~[spring-webmvc-5.3.12.jar:5.3.12]
	at org.springframework.web.servlet.FrameworkServlet.doPut(FrameworkServlet.java:920) ~[spring-webmvc-5.3.12.jar:5.3.12]
	at javax.servlet.http.HttpServlet.service(HttpServlet.java:684) ~[tomcat-embed-core-9.0.54.jar:4.0.FR]
	at org.springframework.web.servlet.FrameworkServlet.service(FrameworkServlet.java:883) ~[spring-webmvc-5.3.12.jar:5.3.12]
	at javax.servlet.http.HttpServlet.service(HttpServlet.java:764) ~[tomcat-embed-core-9.0.54.jar:4.0.FR]
	at org.apache.catalina.core.ApplicationFilterChain.internalDoFilter(ApplicationFilterChain.java:227) ~[tomcat-embed-core-9.0.54.jar:9.0.54]
	at org.apache.catalina.core.ApplicationFilterChain.doFilter(ApplicationFilterChain.java:162) ~[tomcat-embed-core-9.0.54.jar:9.0.54]
	at org.apache.tomcat.websocket.server.WsFilter.doFilter(WsFilter.java:53) ~[tomcat-embed-websocket-9.0.54.jar:9.0.54]
	at org.apache.catalina.core.ApplicationFilterChain.internalDoFilter(ApplicationFilterChain.java:189) ~[tomcat-embed-core-9.0.54.jar:9.0.54]
	at org.apache.catalina.core.ApplicationFilterChain.doFilter(ApplicationFilterChain.java:162) ~[tomcat-embed-core-9.0.54.jar:9.0.54]
	at org.springframework.web.filter.RequestContextFilter.doFilterInternal(RequestContextFilter.java:100) ~[spring-web-5.3.12.jar:5.3.12]
	at org.springframework.web.filter.OncePerRequestFilter.doFilter(OncePerRequestFilter.java:119) ~[spring-web-5.3.12.jar:5.3.12]
	at org.apache.catalina.core.ApplicationFilterChain.internalDoFilter(ApplicationFilterChain.java:189) ~[tomcat-embed-core-9.0.54.jar:9.0.54]
	at org.apache.catalina.core.ApplicationFilterChain.doFilter(ApplicationFilterChain.java:162) ~[tomcat-embed-core-9.0.54.jar:9.0.54]
	at org.springframework.web.filter.FormContentFilter.doFilterInternal(FormContentFilter.java:93) ~[spring-web-5.3.12.jar:5.3.12]
	at org.springframework.web.filter.OncePerRequestFilter.doFilter(OncePerRequestFilter.java:119) ~[spring-web-5.3.12.jar:5.3.12]
	at org.apache.catalina.core.ApplicationFilterChain.internalDoFilter(ApplicationFilterChain.java:189) ~[tomcat-embed-core-9.0.54.jar:9.0.54]
	at org.apache.catalina.core.ApplicationFilterChain.doFilter(ApplicationFilterChain.java:162) ~[tomcat-embed-core-9.0.54.jar:9.0.54]
	at org.springframework.web.filter.CharacterEncodingFilter.doFilterInternal(CharacterEncodingFilter.java:201) ~[spring-web-5.3.12.jar:5.3.12]
	at org.springframework.web.filter.OncePerRequestFilter.doFilter(OncePerRequestFilter.java:119) ~[spring-web-5.3.12.jar:5.3.12]
	at org.apache.catalina.core.ApplicationFilterChain.internalDoFilter(ApplicationFilterChain.java:189) ~[tomcat-embed-core-9.0.54.jar:9.0.54]
	at org.apache.catalina.core.ApplicationFilterChain.doFilter(ApplicationFilterChain.java:162) ~[tomcat-embed-core-9.0.54.jar:9.0.54]
	at org.apache.catalina.core.StandardWrapperValve.invoke(StandardWrapperValve.java:197) ~[tomcat-embed-core-9.0.54.jar:9.0.54]
	at org.apache.catalina.core.StandardContextValve.invoke(StandardContextValve.java:97) ~[tomcat-embed-core-9.0.54.jar:9.0.54]
	at org.apache.catalina.authenticator.AuthenticatorBase.invoke(AuthenticatorBase.java:540) ~[tomcat-embed-core-9.0.54.jar:9.0.54]
	at org.apache.catalina.core.StandardHostValve.invoke(StandardHostValve.java:135) ~[tomcat-embed-core-9.0.54.jar:9.0.54]
	at org.apache.catalina.valves.ErrorReportValve.invoke(ErrorReportValve.java:92) ~[tomcat-embed-core-9.0.54.jar:9.0.54]
	at org.apache.catalina.core.StandardEngineValve.invoke(StandardEngineValve.java:78) ~[tomcat-embed-core-9.0.54.jar:9.0.54]
	at org.apache.catalina.connector.CoyoteAdapter.service(CoyoteAdapter.java:357) ~[tomcat-embed-core-9.0.54.jar:9.0.54]
	at org.apache.coyote.http11.Http11Processor.service(Http11Processor.java:382) ~[tomcat-embed-core-9.0.54.jar:9.0.54]
	at org.apache.coyote.AbstractProcessorLight.process(AbstractProcessorLight.java:65) ~[tomcat-embed-core-9.0.54.jar:9.0.54]
	at org.apache.coyote.AbstractProtocol$ConnectionHandler.process(AbstractProtocol.java:895) ~[tomcat-embed-core-9.0.54.jar:9.0.54]
	at org.apache.tomcat.util.net.NioEndpoint$SocketProcessor.doRun(NioEndpoint.java:1722) ~[tomcat-embed-core-9.0.54.jar:9.0.54]
	at org.apache.tomcat.util.net.SocketProcessorBase.run(SocketProcessorBase.java:49) ~[tomcat-embed-core-9.0.54.jar:9.0.54]
	at org.apache.tomcat.util.threads.ThreadPoolExecutor.runWorker(ThreadPoolExecutor.java:1191) ~[tomcat-embed-core-9.0.54.jar:9.0.54]
	at org.apache.tomcat.util.threads.ThreadPoolExecutor$Worker.run(ThreadPoolExecutor.java:659) ~[tomcat-embed-core-9.0.54.jar:9.0.54]
	at org.apache.tomcat.util.threads.TaskThread$WrappingRunnable.run(TaskThread.java:61) ~[tomcat-embed-core-9.0.54.jar:9.0.54]
	at java.base/java.lang.Thread.run(Thread.java:832) ~[na:na]

2021-11-12 20:44:03.299 ERROR 12892 --- [http-nio-8080-exec-4] o.a.c.c.C.[.[.[/].[dispatcherServlet]    : Servlet.service() for servlet [dispatcherServlet] in context with path [] threw exception [Request processing failed; nested exception is java.lang.IndexOutOfBoundsException: Index 1 out of bounds for length 0] with root cause

java.lang.IndexOutOfBoundsException: Index 1 out of bounds for length 0
	at java.base/jdk.internal.util.Preconditions.outOfBounds(Preconditions.java:64) ~[na:na]
	at java.base/jdk.internal.util.Preconditions.outOfBoundsCheckIndex(Preconditions.java:70) ~[na:na]
	at java.base/jdk.internal.util.Preconditions.checkIndex(Preconditions.java:248) ~[na:na]
	at java.base/java.util.Objects.checkIndex(Objects.java:359) ~[na:na]
	at java.base/java.util.ArrayList.get(ArrayList.java:427) ~[na:na]
	at com.bridgelabz.employeepayrollapp.service.EmployeePayrollService.getEmployeePayrollDataById(EmployeePayrollService.java:21) ~[classes/:na]
	at com.bridgelabz.employeepayrollapp.service.EmployeePayrollService.updateEmployeePayrollData(EmployeePayrollService.java:33) ~[classes/:na]
	at com.bridgelabz.employeepayrollapp.controller.EmployeePayrollController.updateEmployeePayrollData(EmployeePayrollController.java:57) ~[classes/:na]
	at java.base/jdk.internal.reflect.NativeMethodAccessorImpl.invoke0(Native Method) ~[na:na]
	at java.base/jdk.internal.reflect.NativeMethodAccessorImpl.invoke(NativeMethodAccessorImpl.java:64) ~[na:na]
	at java.base/jdk.internal.reflect.DelegatingMethodAccessorImpl.invoke(DelegatingMethodAccessorImpl.java:43) ~[na:na]
	at java.base/java.lang.reflect.Method.invoke(Method.java:564) ~[na:na]
	at org.springframework.web.method.support.InvocableHandlerMethod.doInvoke(InvocableHandlerMethod.java:205) ~[spring-web-5.3.12.jar:5.3.12]
	at org.springframework.web.method.support.InvocableHandlerMethod.invokeForRequest(InvocableHandlerMethod.java:150) ~[spring-web-5.3.12.jar:5.3.12]
	at org.springframework.web.servlet.mvc.method.annotation.ServletInvocableHandlerMethod.invokeAndHandle(ServletInvocableHandlerMethod.java:117) ~[spring-webmvc-5.3.12.jar:5.3.12]
	at org.springframework.web.servlet.mvc.method.annotation.RequestMappingHandlerAdapter.invokeHandlerMethod(RequestMappingHandlerAdapter.java:895) ~[spring-webmvc-5.3.12.jar:5.3.12]
	at org.springframework.web.servlet.mvc.method.annotation.RequestMappingHandlerAdapter.handleInternal(RequestMappingHandlerAdapter.java:808) ~[spring-webmvc-5.3.12.jar:5.3.12]
	at org.springframework.web.servlet.mvc.method.AbstractHandlerMethodAdapter.handle(AbstractHandlerMethodAdapter.java:87) ~[spring-webmvc-5.3.12.jar:5.3.12]
	at org.springframework.web.servlet.DispatcherServlet.doDispatch(DispatcherServlet.java:1067) ~[spring-webmvc-5.3.12.jar:5.3.12]
	at org.springframework.web.servlet.DispatcherServlet.doService(DispatcherServlet.java:963) ~[spring-webmvc-5.3.12.jar:5.3.12]
	at org.springframework.web.servlet.FrameworkServlet.processRequest(FrameworkServlet.java:1006) ~[spring-webmvc-5.3.12.jar:5.3.12]
	at org.springframework.web.servlet.FrameworkServlet.doPut(FrameworkServlet.java:920) ~[spring-webmvc-5.3.12.jar:5.3.12]
	at javax.servlet.http.HttpServlet.service(HttpServlet.java:684) ~[tomcat-embed-core-9.0.54.jar:4.0.FR]
	at org.springframework.web.servlet.FrameworkServlet.service(FrameworkServlet.java:883) ~[spring-webmvc-5.3.12.jar:5.3.12]
	at javax.servlet.http.HttpServlet.service(HttpServlet.java:764) ~[tomcat-embed-core-9.0.54.jar:4.0.FR]
	at org.apache.catalina.core.ApplicationFilterChain.internalDoFilter(ApplicationFilterChain.java:227) ~[tomcat-embed-core-9.0.54.jar:9.0.54]
	at org.apache.catalina.core.ApplicationFilterChain.doFilter(ApplicationFilterChain.java:162) ~[tomcat-embed-core-9.0.54.jar:9.0.54]
	at org.apache.tomcat.websocket.server.WsFilter.doFilter(WsFilter.java:53) ~[tomcat-embed-websocket-9.0.54.jar:9.0.54]
	at org.apache.catalina.core.ApplicationFilterChain.internalDoFilter(ApplicationFilterChain.java:189) ~[tomcat-embed-core-9.0.54.jar:9.0.54]
	at org.apache.catalina.core.ApplicationFilterChain.doFilter(ApplicationFilterChain.java:162) ~[tomcat-embed-core-9.0.54.jar:9.0.54]
	at org.springframework.web.filter.RequestContextFilter.doFilterInternal(RequestContextFilter.java:100) ~[spring-web-5.3.12.jar:5.3.12]
	at org.springframework.web.filter.OncePerRequestFilter.doFilter(OncePerRequestFilter.java:119) ~[spring-web-5.3.12.jar:5.3.12]
	at org.apache.catalina.core.ApplicationFilterChain.internalDoFilter(ApplicationFilterChain.java:189) ~[tomcat-embed-core-9.0.54.jar:9.0.54]
	at org.apache.catalina.core.ApplicationFilterChain.doFilter(ApplicationFilterChain.java:162) ~[tomcat-embed-core-9.0.54.jar:9.0.54]
	at org.springframework.web.filter.FormContentFilter.doFilterInternal(FormContentFilter.java:93) ~[spring-web-5.3.12.jar:5.3.12]
	at org.springframework.web.filter.OncePerRequestFilter.doFilter(OncePerRequestFilter.java:119) ~[spring-web-5.3.12.jar:5.3.12]
	at org.apache.catalina.core.ApplicationFilterChain.internalDoFilter(ApplicationFilterChain.java:189) ~[tomcat-embed-core-9.0.54.jar:9.0.54]
	at org.apache.catalina.core.ApplicationFilterChain.doFilter(ApplicationFilterChain.java:162) ~[tomcat-embed-core-9.0.54.jar:9.0.54]
	at org.springframework.web.filter.CharacterEncodingFilter.doFilterInternal(CharacterEncodingFilter.java:201) ~[spring-web-5.3.12.jar:5.3.12]
	at org.springframework.web.filter.OncePerRequestFilter.doFilter(OncePerRequestFilter.java:119) ~[spring-web-5.3.12.jar:5.3.12]
	at org.apache.catalina.core.ApplicationFilterChain.internalDoFilter(ApplicationFilterChain.java:189) ~[tomcat-embed-core-9.0.54.jar:9.0.54]
	at org.apache.catalina.core.ApplicationFilterChain.doFilter(ApplicationFilterChain.java:162) ~[tomcat-embed-core-9.0.54.jar:9.0.54]
	at org.apache.catalina.core.StandardWrapperValve.invoke(StandardWrapperValve.java:197) ~[tomcat-embed-core-9.0.54.jar:9.0.54]
	at org.apache.catalina.core.StandardContextValve.invoke(StandardContextValve.java:97) ~[tomcat-embed-core-9.0.54.jar:9.0.54]
	at org.apache.catalina.authenticator.AuthenticatorBase.invoke(AuthenticatorBase.java:540) ~[tomcat-embed-core-9.0.54.jar:9.0.54]
	at org.apache.catalina.core.StandardHostValve.invoke(StandardHostValve.java:135) ~[tomcat-embed-core-9.0.54.jar:9.0.54]
	at org.apache.catalina.valves.ErrorReportValve.invoke(ErrorReportValve.java:92) ~[tomcat-embed-core-9.0.54.jar:9.0.54]
	at org.apache.catalina.core.StandardEngineValve.invoke(StandardEngineValve.java:78) ~[tomcat-embed-core-9.0.54.jar:9.0.54]
	at org.apache.catalina.connector.CoyoteAdapter.service(CoyoteAdapter.java:357) ~[tomcat-embed-core-9.0.54.jar:9.0.54]
	at org.apache.coyote.http11.Http11Processor.service(Http11Processor.java:382) ~[tomcat-embed-core-9.0.54.jar:9.0.54]
	at org.apache.coyote.AbstractProcessorLight.process(AbstractProcessorLight.java:65) ~[tomcat-embed-core-9.0.54.jar:9.0.54]
	at org.apache.coyote.AbstractProtocol$ConnectionHandler.process(AbstractProtocol.java:895) ~[tomcat-embed-core-9.0.54.jar:9.0.54]
	at org.apache.tomcat.util.net.NioEndpoint$SocketProcessor.doRun(NioEndpoint.java:1722) ~[tomcat-embed-core-9.0.54.jar:9.0.54]
	at org.apache.tomcat.util.net.SocketProcessorBase.run(SocketProcessorBase.java:49) ~[tomcat-embed-core-9.0.54.jar:9.0.54]
	at org.apache.tomcat.util.threads.ThreadPoolExecutor.runWorker(ThreadPoolExecutor.java:1191) ~[tomcat-embed-core-9.0.54.jar:9.0.54]
	at org.apache.tomcat.util.threads.ThreadPoolExecutor$Worker.run(ThreadPoolExecutor.java:659) ~[tomcat-embed-core-9.0.54.jar:9.0.54]
	at org.apache.tomcat.util.threads.TaskThread$WrappingRunnable.run(TaskThread.java:61) ~[tomcat-embed-core-9.0.54.jar:9.0.54]
	at java.base/java.lang.Thread.run(Thread.java:832) ~[na:na]

2021-11-12 21:00:59.917  INFO 11364 --- [restartedMain] c.b.e.EmployeePayrollApplication         : Starting EmployeePayrollApplication using Java 15.0.2 on SHUBHAM-SUNIL-BANDAGALE with PID 11364 (F:\Spring_Learning\Day4_Spring_Employee_Payroll_Service\target\classes started by ADMIN in F:\Spring_Learning\Day4_Spring_Employee_Payroll_Service)
2021-11-12 21:00:59.919 DEBUG 11364 --- [restartedMain] c.b.e.EmployeePayrollApplication         : Running with Spring Boot v2.5.6, Spring v5.3.12
2021-11-12 21:00:59.920  INFO 11364 --- [restartedMain] c.b.e.EmployeePayrollApplication         : The following profiles are active: dev
2021-11-12 21:01:02.677  WARN 11364 --- [restartedMain] JpaBaseConfiguration$JpaWebConfiguration : spring.jpa.open-in-view is enabled by default. Therefore, database queries may be performed during view rendering. Explicitly configure spring.jpa.open-in-view to disable this warning
2021-11-12 21:01:03.109  INFO 11364 --- [restartedMain] c.b.e.EmployeePayrollApplication         : Started EmployeePayrollApplication in 3.82 seconds (JVM running for 4.887)
2021-11-12 21:01:03.116  INFO 11364 --- [restartedMain] c.b.e.EmployeePayrollApplication         : EMPLOYEE PAYROLL STARTED !!! in DEV ENVIRONMENT
2021-11-12 21:01:03.118  INFO 11364 --- [restartedMain] c.b.e.EmployeePayrollApplication         : EMPLOYEE_PAYROLL_DATABASE USER IS payrolluser 
2021-11-12 21:25:44.376  INFO 15092 --- [restartedMain] c.b.e.EmployeePayrollApplication         : Starting EmployeePayrollApplication using Java 15.0.2 on SHUBHAM-SUNIL-BANDAGALE with PID 15092 (F:\Spring_Learning\Day4_Spring_Employee_Payroll_Service\target\classes started by ADMIN in F:\Spring_Learning\Day4_Spring_Employee_Payroll_Service)
2021-11-12 21:25:44.379 DEBUG 15092 --- [restartedMain] c.b.e.EmployeePayrollApplication         : Running with Spring Boot v2.5.6, Spring v5.3.12
2021-11-12 21:25:44.381  INFO 15092 --- [restartedMain] c.b.e.EmployeePayrollApplication         : The following profiles are active: dev
2021-11-12 21:25:46.835  WARN 15092 --- [restartedMain] JpaBaseConfiguration$JpaWebConfiguration : spring.jpa.open-in-view is enabled by default. Therefore, database queries may be performed during view rendering. Explicitly configure spring.jpa.open-in-view to disable this warning
2021-11-12 21:25:47.227  INFO 15092 --- [restartedMain] c.b.e.EmployeePayrollApplication         : Started EmployeePayrollApplication in 3.685 seconds (JVM running for 5.441)
2021-11-12 21:25:47.233  INFO 15092 --- [restartedMain] c.b.e.EmployeePayrollApplication         : EMPLOYEE PAYROLL STARTED !!! in DEV ENVIRONMENT
2021-11-12 21:25:47.234  INFO 15092 --- [restartedMain] c.b.e.EmployeePayrollApplication         : EMPLOYEE_PAYROLL_DATABASE USER IS payrolluser 
2021-11-12 21:29:49.495  INFO 8288 --- [restartedMain] c.b.e.EmployeePayrollApplication         : Starting EmployeePayrollApplication using Java 15.0.2 on SHUBHAM-SUNIL-BANDAGALE with PID 8288 (F:\Spring_Learning\Day4_Spring_Employee_Payroll_Service\target\classes started by ADMIN in F:\Spring_Learning\Day4_Spring_Employee_Payroll_Service)
2021-11-12 21:29:49.499 DEBUG 8288 --- [restartedMain] c.b.e.EmployeePayrollApplication         : Running with Spring Boot v2.5.6, Spring v5.3.12
2021-11-12 21:29:49.500  INFO 8288 --- [restartedMain] c.b.e.EmployeePayrollApplication         : The following profiles are active: dev
2021-11-12 21:29:52.084  WARN 8288 --- [restartedMain] JpaBaseConfiguration$JpaWebConfiguration : spring.jpa.open-in-view is enabled by default. Therefore, database queries may be performed during view rendering. Explicitly configure spring.jpa.open-in-view to disable this warning
2021-11-12 21:29:52.515  INFO 8288 --- [restartedMain] c.b.e.EmployeePayrollApplication         : Started EmployeePayrollApplication in 3.596 seconds (JVM running for 4.878)
2021-11-12 21:29:52.519  INFO 8288 --- [restartedMain] c.b.e.EmployeePayrollApplication         : EMPLOYEE PAYROLL STARTED !!! in DEV ENVIRONMENT
2021-11-12 21:29:52.520  INFO 8288 --- [restartedMain] c.b.e.EmployeePayrollApplication         : EMPLOYEE_PAYROLL_DATABASE USER IS payrolluser 
2021-11-12 21:30:25.087  WARN 8288 --- [http-nio-8080-exec-4] .m.m.a.ExceptionHandlerExceptionResolver : Resolved [org.springframework.web.bind.MethodArgumentNotValidException: Validation failed for argument [0] in public org.springframework.http.ResponseEntity<com.bridgelabz.employeepayrollapp.dto.ResponseDto> com.bridgelabz.employeepayrollapp.controller.EmployeePayrollController.createEmployeePayrollData(com.bridgelabz.employeepayrollapp.dto.EmployeePayrollDto): [Field error in object 'employeePayrollDto' on field 'empName': rejected value [ten]; codes [Pattern.employeePayrollDto.empName,Pattern.empName,Pattern.java.lang.String,Pattern]; arguments [org.springframework.context.support.DefaultMessageSourceResolvable: codes [employeePayrollDto.empName,empName]; arguments []; default message [empName],[Ljavax.validation.constraints.Pattern$Flag;@7f24baf6,^[A-Z]{1}[a-zA-Z\s]{2,}$]; default message [INVALID EMPLOYEE NAME !!!]] ]
2021-11-12 21:30:36.808  WARN 8288 --- [http-nio-8080-exec-6] .m.m.a.ExceptionHandlerExceptionResolver : Resolved [org.springframework.web.bind.MethodArgumentNotValidException: Validation failed for argument [0] in public org.springframework.http.ResponseEntity<com.bridgelabz.employeepayrollapp.dto.ResponseDto> com.bridgelabz.employeepayrollapp.controller.EmployeePayrollController.createEmployeePayrollData(com.bridgelabz.employeepayrollapp.dto.EmployeePayrollDto): [Field error in object 'employeePayrollDto' on field 'salary': rejected value [200]; codes [Min.employeePayrollDto.salary,Min.salary,Min.long,Min]; arguments [org.springframework.context.support.DefaultMessageSourceResolvable: codes [employeePayrollDto.salary,salary]; arguments []; default message [salary],500]; default message [MINIMUM WAGE SHOULD BE MORE THAN 500]] ]
